2023-08-31 16:26:46 INFO  [restartedMain] org.springframework.boot.StartupInfoLogger: Starting EachbatchApplication using Java 11.0.20 on yang.local with PID 40453 (/Users/leo/Downloads/2023_java/eachbatch/target/classes started by leo in /Users/leo/Downloads/2023_java/eachbatch)
2023-08-31 16:26:46 INFO  [restartedMain] org.springframework.boot.SpringApplication: No active profile set, falling back to 1 default profile: "default"
2023-08-31 16:26:46 INFO  [restartedMain] org.springframework.boot.logging.DeferredLog: The Class-Path manifest attribute in /Users/leo/.m2/repository/com/ibm/db2/jcc/11.5.8.0/jcc-11.5.8.0.jar referenced one or more files that do not exist: file:/Users/leo/.m2/repository/com/ibm/db2/jcc/11.5.8.0/pdq.jar
2023-08-31 16:26:46 INFO  [restartedMain] org.springframework.boot.logging.DeferredLog: Devtools property defaults active! Set 'spring.devtools.add-properties' to 'false' to disable
2023-08-31 16:26:46 INFO  [restartedMain] org.springframework.boot.logging.DeferredLog: For additional web related logging consider setting the 'logging.level.web' property to 'DEBUG'
2023-08-31 16:26:47 INFO  [restartedMain] org.springframework.data.repository.config.RepositoryConfigurationDelegate: Bootstrapping Spring Data JPA repositories in DEFAULT mode.
2023-08-31 16:26:47 INFO  [restartedMain] org.springframework.data.repository.config.RepositoryConfigurationDelegate: Finished Spring Data repository scanning in 19 ms. Found 2 JPA repository interfaces.
2023-08-31 16:26:47 INFO  [restartedMain] org.springframework.boot.web.embedded.tomcat.TomcatWebServer: Tomcat initialized with port(s): 8089 (http)
2023-08-31 16:26:47 INFO  [restartedMain] org.apache.juli.logging.DirectJDKLog: Starting service [Tomcat]
2023-08-31 16:26:47 INFO  [restartedMain] org.apache.juli.logging.DirectJDKLog: Starting Servlet engine: [Apache Tomcat/9.0.65]
2023-08-31 16:26:47 INFO  [restartedMain] org.apache.juli.logging.DirectJDKLog: Initializing Spring embedded WebApplicationContext
2023-08-31 16:26:47 INFO  [restartedMain] org.springframework.boot.web.servlet.context.ServletWebServerApplicationContext: Root WebApplicationContext: initialization completed in 708 ms
2023-08-31 16:26:47 INFO  [restartedMain] org.hibernate.jpa.internal.util.LogHelper: HHH000204: Processing PersistenceUnitInfo [name: default]
2023-08-31 16:26:47 INFO  [restartedMain] org.hibernate.Version: HHH000412: Hibernate ORM core version 5.6.10.Final
2023-08-31 16:26:47 INFO  [restartedMain] org.hibernate.annotations.common.reflection.java.JavaReflectionManager: HCANN000001: Hibernate Commons Annotations {5.1.2.Final}
2023-08-31 16:26:47 INFO  [restartedMain] com.zaxxer.hikari.HikariDataSource: HikariPool-1 - Starting...
2023-08-31 16:26:47 INFO  [restartedMain] com.zaxxer.hikari.HikariDataSource: HikariPool-1 - Start completed.
2023-08-31 16:26:47 INFO  [restartedMain] org.hibernate.dialect.Dialect: HHH000400: Using dialect: org.hibernate.dialect.DB2Dialect
2023-08-31 16:26:48 INFO  [restartedMain] org.hibernate.engine.transaction.jta.platform.internal.JtaPlatformInitiator: HHH000490: Using JtaPlatform implementation: [org.hibernate.engine.transaction.jta.platform.internal.NoJtaPlatform]
2023-08-31 16:26:48 INFO  [restartedMain] org.springframework.orm.jpa.AbstractEntityManagerFactoryBean: Initialized JPA EntityManagerFactory for persistence unit 'default'
2023-08-31 16:26:48 WARN  [restartedMain] org.springframework.boot.autoconfigure.orm.jpa.JpaBaseConfiguration$JpaWebConfiguration: spring.jpa.open-in-view is enabled by default. Therefore, database queries may be performed during view rendering. Explicitly configure spring.jpa.open-in-view to disable this warning
2023-08-31 16:26:49 INFO  [restartedMain] org.springframework.boot.devtools.autoconfigure.OptionalLiveReloadServer: LiveReload server is running on port 35729
2023-08-31 16:26:49 INFO  [restartedMain] org.springframework.boot.web.embedded.tomcat.TomcatWebServer: Tomcat started on port(s): 8089 (http) with context path ''
2023-08-31 16:26:49 INFO  [restartedMain] org.springframework.boot.StartupInfoLogger: Started EachbatchApplication in 2.88 seconds (JVM running for 3.28)
2023-08-31 16:26:49 INFO  [scheduling-1] com.twnch.eachbatch.util.MyScanner: Automatic checking(Unprocessed files): 0
2023-08-31 16:26:55 INFO  [pool-2-thread-1] com.twnch.eachbatch.dao.MyDao: 第1個批次檔上傳至FLCOMTROLTAB
2023-08-31 16:26:55 INFO  [pool-2-thread-1] com.twnch.eachbatch.dao.MyDao: 第2個批次檔上傳至FLCOMTROLTAB
2023-08-31 16:26:55 INFO  [pool-2-thread-1] com.twnch.eachbatch.dao.MyDao: 第3個批次檔上傳至FLCOMTROLTAB
2023-08-31 16:26:55 INFO  [pool-2-thread-1] com.twnch.eachbatch.dao.MyDao: 呼叫MyMoveFile檢查重複後移動檔案至pending和historydata
2023-08-31 16:26:56 INFO  [pool-1-thread-1] com.twnch.eachbatch.dao.MyActivemq: 資料處理中, 狀態為4, 資料為: MyEntity(ID=17573, PROCSEQ=3, BIZDATE=01120811  , BATCHSEQ=822-01120807008, START_TS=2023-08-31 16:26:55.392, TOTALCOUNT=6, TOTALAMT=600, REJECTCOUNT=0, REJECTAMT=0, ACCEPTCOUNT=6, ACCEPTAMT=600, PROCCOUNT=6, PROCAMT=600, LASTMODIFYDT=2023-08-31 16:26:55.415, STATUS=4, PFILENAME=822-01120807008.P01, FILELAYOUT=01, SENDERBANK=0040037, CUT_IN_LINE=N                                                 )
2023-08-31 16:26:56 INFO  [pool-1-thread-1] com.twnch.eachbatch.dao.MyActivemq: 資料傳送至Queue, 資料為: [{"ID":17570,"BIZDATE":"01120811","PROCSEQ":3,"BATCHSEQ":"822-01120807008","ACH_TXDATE":"01120811","ACH_TYPE":"N","ACH_TXTYPE":"SD","ACH_TXID":"506","ACH_SEQ":"00000001","ACH_PBANK":"0040037","ACH_PCLNO":"0000000011111111","ACH_RBANK":"4980000","ACH_RCLNO":"0000000011300001","ACH_AMT":"0000000100","ACH_SCHD":"B","ACH_CID":"27352858  ","ACH_PID":"Y100236715","ACH_CNO":"ACHU001             ","ACH_CFEE":"00000","TXN_AMT":"100","STATUS":"1"},{"ID":17571,"BIZDATE":"01120811","PROCSEQ":3,"BATCHSEQ":"822-01120807008","ACH_TXDATE":"01120811","ACH_TYPE":"N","ACH_TXTYPE":"SD","ACH_TXID":"506","ACH_SEQ":"00000002","ACH_PBANK":"0040037","ACH_PCLNO":"0000000011111111","ACH_RBANK":"4980000","ACH_RCLNO":"0000000011300002","ACH_AMT":"0000000100","ACH_SCHD":"B","ACH_CID":"27352858  ","ACH_PID":"Y100237624","ACH_CNO":"ACHU002             ","ACH_CFEE":"00000","TXN_AMT":"100","STATUS":"1"}]
2023-08-31 16:26:56 INFO  [pool-1-thread-1] com.twnch.eachbatch.util.SelectData: 資料更新, PROCAMT = 500, PROCCOUNT = 5
2023-08-31 16:26:56 INFO  [pool-1-thread-1] com.twnch.eachbatch.util.SelectData: 交易完成, 狀態更新為9, 交易為: MyEntity2(ID=17570, BIZDATE=01120811, PROCSEQ=3, BATCHSEQ=822-01120807008, ACH_TXDATE=01120811, ACH_TYPE=N, ACH_TXTYPE=SD, ACH_TXID=506, ACH_SEQ=00000001, ACH_PBANK=0040037, ACH_PCLNO=0000000011111111, ACH_RBANK=4980000, ACH_RCLNO=0000000011300001, ACH_AMT=0000000100, ACH_SCHD=B, ACH_CID=27352858  , ACH_PID=Y100236715, ACH_CNO=ACHU001             , ACH_CFEE=00000, TXN_AMT=100, STATUS=9)
2023-08-31 16:26:56 INFO  [pool-1-thread-1] com.twnch.eachbatch.util.SelectData: 資料更新, PROCAMT = 400, PROCCOUNT = 4
2023-08-31 16:26:56 INFO  [pool-1-thread-1] com.twnch.eachbatch.util.SelectData: 交易完成, 狀態更新為9, 交易為: MyEntity2(ID=17571, BIZDATE=01120811, PROCSEQ=3, BATCHSEQ=822-01120807008, ACH_TXDATE=01120811, ACH_TYPE=N, ACH_TXTYPE=SD, ACH_TXID=506, ACH_SEQ=00000002, ACH_PBANK=0040037, ACH_PCLNO=0000000011111111, ACH_RBANK=4980000, ACH_RCLNO=0000000011300002, ACH_AMT=0000000100, ACH_SCHD=B, ACH_CID=27352858  , ACH_PID=Y100237624, ACH_CNO=ACHU002             , ACH_CFEE=00000, TXN_AMT=100, STATUS=9)
2023-08-31 16:26:57 INFO  [pool-1-thread-1] com.twnch.eachbatch.dao.MyActivemq: 資料傳送至Queue, 資料為: [{"ID":17572,"BIZDATE":"01120811","PROCSEQ":3,"BATCHSEQ":"822-01120807008","ACH_TXDATE":"01120811","ACH_TYPE":"N","ACH_TXTYPE":"SD","ACH_TXID":"506","ACH_SEQ":"00000003","ACH_PBANK":"0040037","ACH_PCLNO":"0000000011111111","ACH_RBANK":"4980000","ACH_RCLNO":"0000000011300003","ACH_AMT":"0000000100","ACH_SCHD":"B","ACH_CID":"27352858  ","ACH_PID":"B125784951","ACH_CNO":"ACHU003             ","ACH_CFEE":"00000","TXN_AMT":"100","STATUS":"1"},{"ID":17567,"BIZDATE":"01120811","PROCSEQ":3,"BATCHSEQ":"822-01120807008","ACH_TXDATE":"01120811","ACH_TYPE":"N","ACH_TXTYPE":"SC","ACH_TXID":"358","ACH_SEQ":"00000004","ACH_PBANK":"0040037","ACH_PCLNO":"0000000011211111","ACH_RBANK":"4980000","ACH_RCLNO":"0000000011500001","ACH_AMT":"0000000100","ACH_SCHD":"B","ACH_CID":"03704502  ","ACH_PID":"A264885123","ACH_CNO":"ACHU004             ","ACH_CFEE":"00000","TXN_AMT":"100","STATUS":"1"}]
2023-08-31 16:26:57 INFO  [org.springframework.jms.JmsListenerEndpointContainer#0-1] com.twnch.eachbatch.service.activemq.Consumer: Queue返回訊息: [{"ID":17572,"BIZDATE":"01120811","PROCSEQ":3,"BATCHSEQ":"822-01120807008","ACH_TXDATE":"01120811","ACH_TYPE":"N","ACH_TXTYPE":"SD","ACH_TXID":"506","ACH_SEQ":"00000003","ACH_PBANK":"0040037","ACH_PCLNO":"0000000011111111","ACH_RBANK":"4980000","ACH_RCLNO":"0000000011300003","ACH_AMT":"0000000100","ACH_SCHD":"B","ACH_CID":"27352858  ","ACH_PID":"B125784951","ACH_CNO":"ACHU003             ","ACH_CFEE":"00000","TXN_AMT":"100","STATUS":"1"},{"ID":17567,"BIZDATE":"01120811","PROCSEQ":3,"BATCHSEQ":"822-01120807008","ACH_TXDATE":"01120811","ACH_TYPE":"N","ACH_TXTYPE":"SC","ACH_TXID":"358","ACH_SEQ":"00000004","ACH_PBANK":"0040037","ACH_PCLNO":"0000000011211111","ACH_RBANK":"4980000","ACH_RCLNO":"0000000011500001","ACH_AMT":"0000000100","ACH_SCHD":"B","ACH_CID":"03704502  ","ACH_PID":"A264885123","ACH_CNO":"ACHU004             ","ACH_CFEE":"00000","TXN_AMT":"100","STATUS":"1"}]
2023-08-31 16:26:57 INFO  [pool-1-thread-1] com.twnch.eachbatch.util.SelectData: 資料更新, PROCAMT = 300, PROCCOUNT = 3
2023-08-31 16:26:57 INFO  [pool-1-thread-1] com.twnch.eachbatch.util.SelectData: 交易完成, 狀態更新為9, 交易為: MyEntity2(ID=17572, BIZDATE=01120811, PROCSEQ=3, BATCHSEQ=822-01120807008, ACH_TXDATE=01120811, ACH_TYPE=N, ACH_TXTYPE=SD, ACH_TXID=506, ACH_SEQ=00000003, ACH_PBANK=0040037, ACH_PCLNO=0000000011111111, ACH_RBANK=4980000, ACH_RCLNO=0000000011300003, ACH_AMT=0000000100, ACH_SCHD=B, ACH_CID=27352858  , ACH_PID=B125784951, ACH_CNO=ACHU003             , ACH_CFEE=00000, TXN_AMT=100, STATUS=9)
2023-08-31 16:26:57 INFO  [pool-1-thread-1] com.twnch.eachbatch.util.SelectData: 資料更新, PROCAMT = 200, PROCCOUNT = 2
2023-08-31 16:26:57 INFO  [pool-1-thread-1] com.twnch.eachbatch.util.SelectData: 交易完成, 狀態更新為9, 交易為: MyEntity2(ID=17567, BIZDATE=01120811, PROCSEQ=3, BATCHSEQ=822-01120807008, ACH_TXDATE=01120811, ACH_TYPE=N, ACH_TXTYPE=SC, ACH_TXID=358, ACH_SEQ=00000004, ACH_PBANK=0040037, ACH_PCLNO=0000000011211111, ACH_RBANK=4980000, ACH_RCLNO=0000000011500001, ACH_AMT=0000000100, ACH_SCHD=B, ACH_CID=03704502  , ACH_PID=A264885123, ACH_CNO=ACHU004             , ACH_CFEE=00000, TXN_AMT=100, STATUS=9)
2023-08-31 16:26:58 INFO  [pool-1-thread-1] com.twnch.eachbatch.dao.MyActivemq: 資料傳送至Queue, 資料為: [{"ID":17568,"BIZDATE":"01120811","PROCSEQ":3,"BATCHSEQ":"822-01120807008","ACH_TXDATE":"01120811","ACH_TYPE":"N","ACH_TXTYPE":"SC","ACH_TXID":"358","ACH_SEQ":"00000005","ACH_PBANK":"0040037","ACH_PCLNO":"0000000011211111","ACH_RBANK":"4980000","ACH_RCLNO":"0000000011500002","ACH_AMT":"0000000100","ACH_SCHD":"B","ACH_CID":"03704502  ","ACH_PID":"C123654874","ACH_CNO":"ACHU005             ","ACH_CFEE":"00000","TXN_AMT":"100","STATUS":"1"},{"ID":17569,"BIZDATE":"01120811","PROCSEQ":3,"BATCHSEQ":"822-01120807008","ACH_TXDATE":"01120811","ACH_TYPE":"N","ACH_TXTYPE":"SC","ACH_TXID":"358","ACH_SEQ":"00000006","ACH_PBANK":"0040037","ACH_PCLNO":"0000000011211111","ACH_RBANK":"4980000","ACH_RCLNO":"0000000011500003","ACH_AMT":"0000000100","ACH_SCHD":"B","ACH_CID":"03704502  ","ACH_PID":"N132564854","ACH_CNO":"ACHU006             ","ACH_CFEE":"00000","TXN_AMT":"100","STATUS":"1"}]
2023-08-31 16:26:58 INFO  [pool-1-thread-1] com.twnch.eachbatch.util.SelectData: 資料更新, PROCAMT = 100, PROCCOUNT = 1
2023-08-31 16:26:58 INFO  [pool-1-thread-1] com.twnch.eachbatch.util.SelectData: 交易完成, 狀態更新為9, 交易為: MyEntity2(ID=17568, BIZDATE=01120811, PROCSEQ=3, BATCHSEQ=822-01120807008, ACH_TXDATE=01120811, ACH_TYPE=N, ACH_TXTYPE=SC, ACH_TXID=358, ACH_SEQ=00000005, ACH_PBANK=0040037, ACH_PCLNO=0000000011211111, ACH_RBANK=4980000, ACH_RCLNO=0000000011500002, ACH_AMT=0000000100, ACH_SCHD=B, ACH_CID=03704502  , ACH_PID=C123654874, ACH_CNO=ACHU005             , ACH_CFEE=00000, TXN_AMT=100, STATUS=9)
2023-08-31 16:26:58 INFO  [pool-1-thread-1] com.twnch.eachbatch.util.SelectData: 資料更新, PROCAMT = 0, PROCCOUNT = 0
2023-08-31 16:26:58 INFO  [pool-1-thread-1] com.twnch.eachbatch.util.SelectData: 交易完成, 狀態更新為9, 交易為: MyEntity2(ID=17569, BIZDATE=01120811, PROCSEQ=3, BATCHSEQ=822-01120807008, ACH_TXDATE=01120811, ACH_TYPE=N, ACH_TXTYPE=SC, ACH_TXID=358, ACH_SEQ=00000006, ACH_PBANK=0040037, ACH_PCLNO=0000000011211111, ACH_RBANK=4980000, ACH_RCLNO=0000000011500003, ACH_AMT=0000000100, ACH_SCHD=B, ACH_CID=03704502  , ACH_PID=N132564854, ACH_CNO=ACHU006             , ACH_CFEE=00000, TXN_AMT=100, STATUS=9)
2023-08-31 16:26:58 INFO  [pool-1-thread-1] com.twnch.eachbatch.dao.TaskIsComplete: 資料完成, 狀態更新為5, 資料為: MyEntity(ID=17573, PROCSEQ=3, BIZDATE=01120811  , BATCHSEQ=822-01120807008, START_TS=2023-08-31 16:26:55.392, TOTALCOUNT=6, TOTALAMT=600, REJECTCOUNT=0, REJECTAMT=0, ACCEPTCOUNT=6, ACCEPTAMT=600, PROCCOUNT=0, PROCAMT=0, LASTMODIFYDT=2023-08-31 16:26:58.341, STATUS=5, PFILENAME=822-01120807008.P01, FILELAYOUT=01, SENDERBANK=0040037, CUT_IN_LINE=N                                                 )
2023-08-31 16:26:58 INFO  [pool-1-thread-1] com.twnch.eachbatch.dao.TaskIsComplete: 呼叫MyMoveFile檢查重複後移動檔案至result
2023-08-31 16:26:59 INFO  [scheduling-1] com.twnch.eachbatch.util.MyScanner: Automatic checking(Unprocessed files): 0
2023-08-31 16:27:09 INFO  [scheduling-1] com.twnch.eachbatch.util.MyScanner: Automatic checking(Unprocessed files): 0
2023-08-31 16:28:29 INFO  [restartedMain] org.springframework.boot.StartupInfoLogger: Starting EachbatchApplication using Java 11.0.20 on yang.local with PID 40651 (/Users/leo/Downloads/2023_java/eachbatch/target/classes started by leo in /Users/leo/Downloads/2023_java/eachbatch)
2023-08-31 16:28:29 INFO  [restartedMain] org.springframework.boot.SpringApplication: No active profile set, falling back to 1 default profile: "default"
2023-08-31 16:28:29 INFO  [restartedMain] org.springframework.boot.logging.DeferredLog: The Class-Path manifest attribute in /Users/leo/.m2/repository/com/ibm/db2/jcc/11.5.8.0/jcc-11.5.8.0.jar referenced one or more files that do not exist: file:/Users/leo/.m2/repository/com/ibm/db2/jcc/11.5.8.0/pdq.jar
2023-08-31 16:28:29 INFO  [restartedMain] org.springframework.boot.logging.DeferredLog: Devtools property defaults active! Set 'spring.devtools.add-properties' to 'false' to disable
2023-08-31 16:28:29 INFO  [restartedMain] org.springframework.boot.logging.DeferredLog: For additional web related logging consider setting the 'logging.level.web' property to 'DEBUG'
2023-08-31 16:28:30 INFO  [restartedMain] org.springframework.data.repository.config.RepositoryConfigurationDelegate: Bootstrapping Spring Data JPA repositories in DEFAULT mode.
2023-08-31 16:28:30 INFO  [restartedMain] org.springframework.data.repository.config.RepositoryConfigurationDelegate: Finished Spring Data repository scanning in 16 ms. Found 2 JPA repository interfaces.
2023-08-31 16:28:30 INFO  [restartedMain] org.springframework.boot.web.embedded.tomcat.TomcatWebServer: Tomcat initialized with port(s): 8089 (http)
2023-08-31 16:28:30 INFO  [restartedMain] org.apache.juli.logging.DirectJDKLog: Starting service [Tomcat]
2023-08-31 16:28:30 INFO  [restartedMain] org.apache.juli.logging.DirectJDKLog: Starting Servlet engine: [Apache Tomcat/9.0.65]
2023-08-31 16:28:30 INFO  [restartedMain] org.apache.juli.logging.DirectJDKLog: Initializing Spring embedded WebApplicationContext
2023-08-31 16:28:30 INFO  [restartedMain] org.springframework.boot.web.servlet.context.ServletWebServerApplicationContext: Root WebApplicationContext: initialization completed in 655 ms
2023-08-31 16:28:30 INFO  [restartedMain] org.hibernate.jpa.internal.util.LogHelper: HHH000204: Processing PersistenceUnitInfo [name: default]
2023-08-31 16:28:30 INFO  [restartedMain] org.hibernate.Version: HHH000412: Hibernate ORM core version 5.6.10.Final
2023-08-31 16:28:30 INFO  [restartedMain] org.hibernate.annotations.common.reflection.java.JavaReflectionManager: HCANN000001: Hibernate Commons Annotations {5.1.2.Final}
2023-08-31 16:28:30 INFO  [restartedMain] com.zaxxer.hikari.HikariDataSource: HikariPool-1 - Starting...
2023-08-31 16:28:30 INFO  [restartedMain] com.zaxxer.hikari.HikariDataSource: HikariPool-1 - Start completed.
2023-08-31 16:28:30 INFO  [restartedMain] org.hibernate.dialect.Dialect: HHH000400: Using dialect: org.hibernate.dialect.DB2Dialect
2023-08-31 16:28:31 INFO  [restartedMain] org.hibernate.engine.transaction.jta.platform.internal.JtaPlatformInitiator: HHH000490: Using JtaPlatform implementation: [org.hibernate.engine.transaction.jta.platform.internal.NoJtaPlatform]
2023-08-31 16:28:31 INFO  [restartedMain] org.springframework.orm.jpa.AbstractEntityManagerFactoryBean: Initialized JPA EntityManagerFactory for persistence unit 'default'
2023-08-31 16:28:31 WARN  [restartedMain] org.springframework.boot.autoconfigure.orm.jpa.JpaBaseConfiguration$JpaWebConfiguration: spring.jpa.open-in-view is enabled by default. Therefore, database queries may be performed during view rendering. Explicitly configure spring.jpa.open-in-view to disable this warning
2023-08-31 16:28:31 INFO  [restartedMain] org.springframework.boot.devtools.autoconfigure.OptionalLiveReloadServer: LiveReload server is running on port 35729
2023-08-31 16:28:31 INFO  [restartedMain] org.springframework.boot.web.embedded.tomcat.TomcatWebServer: Tomcat started on port(s): 8089 (http) with context path ''
2023-08-31 16:28:31 INFO  [restartedMain] org.springframework.boot.StartupInfoLogger: Started EachbatchApplication in 2.423 seconds (JVM running for 2.854)
2023-08-31 16:28:31 INFO  [scheduling-1] com.twnch.eachbatch.util.MyScanner: Automatic checking(Unprocessed files): 3
2023-08-31 16:28:32 INFO  [pool-1-thread-1] com.twnch.eachbatch.dao.MyActivemq: 資料處理中, 狀態為4, 資料為: MyEntity(ID=1, PROCSEQ=4, BIZDATE=01120807  , BATCHSEQ=822-01120807004, START_TS=2023-08-07 13:37:17.631, TOTALCOUNT=6, TOTALAMT=600, REJECTCOUNT=0, REJECTAMT=0, ACCEPTCOUNT=6, ACCEPTAMT=600, PROCCOUNT=6, PROCAMT=600, LASTMODIFYDT=2023-08-07 13:37:17.631, STATUS=4, PFILENAME=822-01120807004.P01, FILELAYOUT=01, SENDERBANK=0040000, CUT_IN_LINE=N                                                 )
2023-08-31 16:28:33 INFO  [pool-1-thread-1] com.twnch.eachbatch.dao.MyActivemq: 資料傳送至Queue, 資料為: [{"ID":1,"BIZDATE":"01120807","PROCSEQ":4,"BATCHSEQ":"822-01120807004","ACH_TXDATE":"01120808","ACH_TYPE":"N","ACH_TXTYPE":"SD","ACH_TXID":"506","ACH_SEQ":"00000049","ACH_PBANK":"0040037","ACH_PCLNO":"0000000011111111","ACH_RBANK":"0050000","ACH_RCLNO":"0000000011300003","ACH_AMT":"0000000100","ACH_SCHD":"B","ACH_CID":"27352858  ","ACH_PID":"B125784951","ACH_CNO":"ACHU003             ","ACH_CFEE":"00000","TXN_AMT":"100","STATUS":"1"},{"ID":2,"BIZDATE":"01120807","PROCSEQ":4,"BATCHSEQ":"822-01120807004","ACH_TXDATE":"01120808","ACH_TYPE":"N","ACH_TXTYPE":"SD","ACH_TXID":"506","ACH_SEQ":"00000050","ACH_PBANK":"0040037","ACH_PCLNO":"0000000011111111","ACH_RBANK":"0050000","ACH_RCLNO":"0000000011300003","ACH_AMT":"0000000100","ACH_SCHD":"B","ACH_CID":"27352858  ","ACH_PID":"B125784951","ACH_CNO":"ACHU003             ","ACH_CFEE":"00000","TXN_AMT":"100","STATUS":"1"}]
2023-08-31 16:28:33 INFO  [pool-1-thread-1] com.twnch.eachbatch.util.SelectData: 資料更新, PROCAMT = 500, PROCCOUNT = 5
2023-08-31 16:28:33 INFO  [pool-1-thread-1] com.twnch.eachbatch.util.SelectData: 交易完成, 狀態更新為9, 交易為: MyEntity2(ID=1, BIZDATE=01120807, PROCSEQ=4, BATCHSEQ=822-01120807004, ACH_TXDATE=01120808, ACH_TYPE=N, ACH_TXTYPE=SD, ACH_TXID=506, ACH_SEQ=00000049, ACH_PBANK=0040037, ACH_PCLNO=0000000011111111, ACH_RBANK=0050000, ACH_RCLNO=0000000011300003, ACH_AMT=0000000100, ACH_SCHD=B, ACH_CID=27352858  , ACH_PID=B125784951, ACH_CNO=ACHU003             , ACH_CFEE=00000, TXN_AMT=100, STATUS=9)
2023-08-31 16:28:33 INFO  [pool-1-thread-1] com.twnch.eachbatch.util.SelectData: 資料更新, PROCAMT = 400, PROCCOUNT = 4
2023-08-31 16:28:33 INFO  [pool-1-thread-1] com.twnch.eachbatch.util.SelectData: 交易完成, 狀態更新為9, 交易為: MyEntity2(ID=2, BIZDATE=01120807, PROCSEQ=4, BATCHSEQ=822-01120807004, ACH_TXDATE=01120808, ACH_TYPE=N, ACH_TXTYPE=SD, ACH_TXID=506, ACH_SEQ=00000050, ACH_PBANK=0040037, ACH_PCLNO=0000000011111111, ACH_RBANK=0050000, ACH_RCLNO=0000000011300003, ACH_AMT=0000000100, ACH_SCHD=B, ACH_CID=27352858  , ACH_PID=B125784951, ACH_CNO=ACHU003             , ACH_CFEE=00000, TXN_AMT=100, STATUS=9)
2023-08-31 16:28:33 INFO  [pool-1-thread-1] com.twnch.eachbatch.dao.TaskIsComplete: 資料完成, 狀態更新為5, 資料為: MyEntity(ID=1, PROCSEQ=4, BIZDATE=01120807  , BATCHSEQ=822-01120807004, START_TS=2023-08-07 13:37:17.631, TOTALCOUNT=6, TOTALAMT=600, REJECTCOUNT=0, REJECTAMT=0, ACCEPTCOUNT=6, ACCEPTAMT=600, PROCCOUNT=4, PROCAMT=400, LASTMODIFYDT=2023-08-31 16:28:33.111, STATUS=5, PFILENAME=822-01120807004.P01, FILELAYOUT=01, SENDERBANK=0040000, CUT_IN_LINE=N                                                 )
2023-08-31 16:28:33 INFO  [pool-1-thread-1] com.twnch.eachbatch.dao.TaskIsComplete: 呼叫MyMoveFile檢查重複後移動檔案至result
2023-08-31 16:28:33 INFO  [pool-1-thread-1] com.twnch.eachbatch.dao.MyActivemq: 資料處理中, 狀態為4, 資料為: MyEntity(ID=2, PROCSEQ=5, BIZDATE=01120807  , BATCHSEQ=822-01120807005, START_TS=2023-08-07 13:37:17.727, TOTALCOUNT=6, TOTALAMT=600, REJECTCOUNT=0, REJECTAMT=0, ACCEPTCOUNT=6, ACCEPTAMT=600, PROCCOUNT=6, PROCAMT=600, LASTMODIFYDT=2023-08-07 13:37:17.727, STATUS=4, PFILENAME=822-01120807005.P01, FILELAYOUT=01, SENDERBANK=0040000, CUT_IN_LINE=N                                                 )
2023-08-31 16:28:33 INFO  [pool-1-thread-1] com.twnch.eachbatch.dao.MyActivemq: 資料傳送至Queue, 資料為: [{"ID":7,"BIZDATE":"01120807","PROCSEQ":5,"BATCHSEQ":"822-01120807005","ACH_TXDATE":"01120809","ACH_TYPE":"N","ACH_TXTYPE":"SD","ACH_TXID":"506","ACH_SEQ":"00000007","ACH_PBANK":"0040037","ACH_PCLNO":"0000000011111111","ACH_RBANK":"0050000","ACH_RCLNO":"0000000011300003","ACH_AMT":"0000000100","ACH_SCHD":"B","ACH_CID":"27352858  ","ACH_PID":"B125784951","ACH_CNO":"ACHU003             ","ACH_CFEE":"00000","TXN_AMT":"100","STATUS":"1"},{"ID":8,"BIZDATE":"01120807","PROCSEQ":5,"BATCHSEQ":"822-01120807005","ACH_TXDATE":"01120809","ACH_TYPE":"N","ACH_TXTYPE":"SD","ACH_TXID":"506","ACH_SEQ":"00000008","ACH_PBANK":"0040037","ACH_PCLNO":"0000000011111111","ACH_RBANK":"0050000","ACH_RCLNO":"0000000011300003","ACH_AMT":"0000000100","ACH_SCHD":"B","ACH_CID":"27352858  ","ACH_PID":"B125784951","ACH_CNO":"ACHU003             ","ACH_CFEE":"00000","TXN_AMT":"100","STATUS":"1"}]
2023-08-31 16:28:33 INFO  [org.springframework.jms.JmsListenerEndpointContainer#0-1] com.twnch.eachbatch.service.activemq.Consumer: Queue返回訊息: [{"ID":7,"BIZDATE":"01120807","PROCSEQ":5,"BATCHSEQ":"822-01120807005","ACH_TXDATE":"01120809","ACH_TYPE":"N","ACH_TXTYPE":"SD","ACH_TXID":"506","ACH_SEQ":"00000007","ACH_PBANK":"0040037","ACH_PCLNO":"0000000011111111","ACH_RBANK":"0050000","ACH_RCLNO":"0000000011300003","ACH_AMT":"0000000100","ACH_SCHD":"B","ACH_CID":"27352858  ","ACH_PID":"B125784951","ACH_CNO":"ACHU003             ","ACH_CFEE":"00000","TXN_AMT":"100","STATUS":"1"},{"ID":8,"BIZDATE":"01120807","PROCSEQ":5,"BATCHSEQ":"822-01120807005","ACH_TXDATE":"01120809","ACH_TYPE":"N","ACH_TXTYPE":"SD","ACH_TXID":"506","ACH_SEQ":"00000008","ACH_PBANK":"0040037","ACH_PCLNO":"0000000011111111","ACH_RBANK":"0050000","ACH_RCLNO":"0000000011300003","ACH_AMT":"0000000100","ACH_SCHD":"B","ACH_CID":"27352858  ","ACH_PID":"B125784951","ACH_CNO":"ACHU003             ","ACH_CFEE":"00000","TXN_AMT":"100","STATUS":"1"}]
2023-08-31 16:28:33 INFO  [pool-1-thread-1] com.twnch.eachbatch.util.SelectData: 資料更新, PROCAMT = 500, PROCCOUNT = 5
2023-08-31 16:28:33 INFO  [pool-1-thread-1] com.twnch.eachbatch.util.SelectData: 交易完成, 狀態更新為9, 交易為: MyEntity2(ID=7, BIZDATE=01120807, PROCSEQ=5, BATCHSEQ=822-01120807005, ACH_TXDATE=01120809, ACH_TYPE=N, ACH_TXTYPE=SD, ACH_TXID=506, ACH_SEQ=00000007, ACH_PBANK=0040037, ACH_PCLNO=0000000011111111, ACH_RBANK=0050000, ACH_RCLNO=0000000011300003, ACH_AMT=0000000100, ACH_SCHD=B, ACH_CID=27352858  , ACH_PID=B125784951, ACH_CNO=ACHU003             , ACH_CFEE=00000, TXN_AMT=100, STATUS=9)
2023-08-31 16:28:33 INFO  [pool-1-thread-1] com.twnch.eachbatch.util.SelectData: 資料更新, PROCAMT = 400, PROCCOUNT = 4
2023-08-31 16:28:33 INFO  [pool-1-thread-1] com.twnch.eachbatch.util.SelectData: 交易完成, 狀態更新為9, 交易為: MyEntity2(ID=8, BIZDATE=01120807, PROCSEQ=5, BATCHSEQ=822-01120807005, ACH_TXDATE=01120809, ACH_TYPE=N, ACH_TXTYPE=SD, ACH_TXID=506, ACH_SEQ=00000008, ACH_PBANK=0040037, ACH_PCLNO=0000000011111111, ACH_RBANK=0050000, ACH_RCLNO=0000000011300003, ACH_AMT=0000000100, ACH_SCHD=B, ACH_CID=27352858  , ACH_PID=B125784951, ACH_CNO=ACHU003             , ACH_CFEE=00000, TXN_AMT=100, STATUS=9)
2023-08-31 16:28:34 INFO  [pool-1-thread-1] com.twnch.eachbatch.dao.MyActivemq: 資料傳送至Queue, 資料為: [{"ID":9,"BIZDATE":"01120807","PROCSEQ":5,"BATCHSEQ":"822-01120807005","ACH_TXDATE":"01120809","ACH_TYPE":"N","ACH_TXTYPE":"SD","ACH_TXID":"506","ACH_SEQ":"00000009","ACH_PBANK":"0040037","ACH_PCLNO":"0000000011111111","ACH_RBANK":"0050000","ACH_RCLNO":"0000000011300003","ACH_AMT":"0000000100","ACH_SCHD":"B","ACH_CID":"27352858  ","ACH_PID":"B125784951","ACH_CNO":"ACHU003             ","ACH_CFEE":"00000","TXN_AMT":"100","STATUS":"1"},{"ID":10,"BIZDATE":"01120807","PROCSEQ":5,"BATCHSEQ":"822-01120807005","ACH_TXDATE":"01120809","ACH_TYPE":"N","ACH_TXTYPE":"SD","ACH_TXID":"506","ACH_SEQ":"00000010","ACH_PBANK":"0040037","ACH_PCLNO":"0000000011111111","ACH_RBANK":"0050000","ACH_RCLNO":"0000000011300003","ACH_AMT":"0000000100","ACH_SCHD":"B","ACH_CID":"27352858  ","ACH_PID":"B125784951","ACH_CNO":"ACHU003             ","ACH_CFEE":"00000","TXN_AMT":"100","STATUS":"1"}]
2023-08-31 16:28:34 INFO  [pool-1-thread-1] com.twnch.eachbatch.util.SelectData: 資料更新, PROCAMT = 300, PROCCOUNT = 3
2023-08-31 16:28:34 INFO  [pool-1-thread-1] com.twnch.eachbatch.util.SelectData: 交易完成, 狀態更新為9, 交易為: MyEntity2(ID=9, BIZDATE=01120807, PROCSEQ=5, BATCHSEQ=822-01120807005, ACH_TXDATE=01120809, ACH_TYPE=N, ACH_TXTYPE=SD, ACH_TXID=506, ACH_SEQ=00000009, ACH_PBANK=0040037, ACH_PCLNO=0000000011111111, ACH_RBANK=0050000, ACH_RCLNO=0000000011300003, ACH_AMT=0000000100, ACH_SCHD=B, ACH_CID=27352858  , ACH_PID=B125784951, ACH_CNO=ACHU003             , ACH_CFEE=00000, TXN_AMT=100, STATUS=9)
2023-08-31 16:28:34 INFO  [pool-1-thread-1] com.twnch.eachbatch.util.SelectData: 資料更新, PROCAMT = 200, PROCCOUNT = 2
2023-08-31 16:28:34 INFO  [pool-1-thread-1] com.twnch.eachbatch.util.SelectData: 交易完成, 狀態更新為9, 交易為: MyEntity2(ID=10, BIZDATE=01120807, PROCSEQ=5, BATCHSEQ=822-01120807005, ACH_TXDATE=01120809, ACH_TYPE=N, ACH_TXTYPE=SD, ACH_TXID=506, ACH_SEQ=00000010, ACH_PBANK=0040037, ACH_PCLNO=0000000011111111, ACH_RBANK=0050000, ACH_RCLNO=0000000011300003, ACH_AMT=0000000100, ACH_SCHD=B, ACH_CID=27352858  , ACH_PID=B125784951, ACH_CNO=ACHU003             , ACH_CFEE=00000, TXN_AMT=100, STATUS=9)
2023-08-31 16:28:34 INFO  [pool-1-thread-1] com.twnch.eachbatch.dao.TaskIsComplete: 資料完成, 狀態更新為5, 資料為: MyEntity(ID=2, PROCSEQ=5, BIZDATE=01120807  , BATCHSEQ=822-01120807005, START_TS=2023-08-07 13:37:17.727, TOTALCOUNT=6, TOTALAMT=600, REJECTCOUNT=0, REJECTAMT=0, ACCEPTCOUNT=6, ACCEPTAMT=600, PROCCOUNT=2, PROCAMT=200, LASTMODIFYDT=2023-08-31 16:28:34.961, STATUS=5, PFILENAME=822-01120807005.P01, FILELAYOUT=01, SENDERBANK=0040000, CUT_IN_LINE=N                                                 )
2023-08-31 16:28:34 INFO  [pool-1-thread-1] com.twnch.eachbatch.dao.TaskIsComplete: 呼叫MyMoveFile檢查重複後移動檔案至result
2023-08-31 16:28:35 INFO  [pool-1-thread-1] com.twnch.eachbatch.dao.MyActivemq: 資料處理中, 狀態為4, 資料為: MyEntity(ID=3, PROCSEQ=6, BIZDATE=01120807  , BATCHSEQ=822-01120807006, START_TS=2023-08-07 13:37:17.81, TOTALCOUNT=6, TOTALAMT=600, REJECTCOUNT=0, REJECTAMT=0, ACCEPTCOUNT=6, ACCEPTAMT=600, PROCCOUNT=6, PROCAMT=600, LASTMODIFYDT=2023-08-07 13:37:17.81, STATUS=4, PFILENAME=822-01120807006.P01, FILELAYOUT=01, SENDERBANK=0040000, CUT_IN_LINE=N                                                 )
2023-08-31 16:28:35 INFO  [pool-1-thread-1] com.twnch.eachbatch.dao.MyActivemq: 資料傳送至Queue, 資料為: [{"ID":6,"BIZDATE":"01120807","PROCSEQ":6,"BATCHSEQ":"822-01120807006","ACH_TXDATE":"01120809","ACH_TYPE":"N","ACH_TXTYPE":"SD","ACH_TXID":"506","ACH_SEQ":"00000001","ACH_PBANK":"0040037","ACH_PCLNO":"0000000011111111","ACH_RBANK":"0050000","ACH_RCLNO":"0000000011300001","ACH_AMT":"0000000100","ACH_SCHD":"B","ACH_CID":"27352858  ","ACH_PID":"Y100236715","ACH_CNO":"ACHU001             ","ACH_CFEE":"00000","TXN_AMT":"100","STATUS":"1"},{"ID":11,"BIZDATE":"01120807","PROCSEQ":6,"BATCHSEQ":"822-01120807006","ACH_TXDATE":"01120809","ACH_TYPE":"N","ACH_TXTYPE":"SD","ACH_TXID":"506","ACH_SEQ":"00000002","ACH_PBANK":"0040037","ACH_PCLNO":"0000000011111111","ACH_RBANK":"0050000","ACH_RCLNO":"0000000011300002","ACH_AMT":"0000000100","ACH_SCHD":"B","ACH_CID":"27352858  ","ACH_PID":"Y100237624","ACH_CNO":"ACHU002             ","ACH_CFEE":"00000","TXN_AMT":"100","STATUS":"1"}]
2023-08-31 16:28:35 INFO  [org.springframework.jms.JmsListenerEndpointContainer#0-1] com.twnch.eachbatch.service.activemq.Consumer: Queue返回訊息: [{"ID":6,"BIZDATE":"01120807","PROCSEQ":6,"BATCHSEQ":"822-01120807006","ACH_TXDATE":"01120809","ACH_TYPE":"N","ACH_TXTYPE":"SD","ACH_TXID":"506","ACH_SEQ":"00000001","ACH_PBANK":"0040037","ACH_PCLNO":"0000000011111111","ACH_RBANK":"0050000","ACH_RCLNO":"0000000011300001","ACH_AMT":"0000000100","ACH_SCHD":"B","ACH_CID":"27352858  ","ACH_PID":"Y100236715","ACH_CNO":"ACHU001             ","ACH_CFEE":"00000","TXN_AMT":"100","STATUS":"1"},{"ID":11,"BIZDATE":"01120807","PROCSEQ":6,"BATCHSEQ":"822-01120807006","ACH_TXDATE":"01120809","ACH_TYPE":"N","ACH_TXTYPE":"SD","ACH_TXID":"506","ACH_SEQ":"00000002","ACH_PBANK":"0040037","ACH_PCLNO":"0000000011111111","ACH_RBANK":"0050000","ACH_RCLNO":"0000000011300002","ACH_AMT":"0000000100","ACH_SCHD":"B","ACH_CID":"27352858  ","ACH_PID":"Y100237624","ACH_CNO":"ACHU002             ","ACH_CFEE":"00000","TXN_AMT":"100","STATUS":"1"}]
2023-08-31 16:28:35 INFO  [pool-1-thread-1] com.twnch.eachbatch.util.SelectData: 資料更新, PROCAMT = 500, PROCCOUNT = 5
2023-08-31 16:28:35 INFO  [pool-1-thread-1] com.twnch.eachbatch.util.SelectData: 交易完成, 狀態更新為9, 交易為: MyEntity2(ID=6, BIZDATE=01120807, PROCSEQ=6, BATCHSEQ=822-01120807006, ACH_TXDATE=01120809, ACH_TYPE=N, ACH_TXTYPE=SD, ACH_TXID=506, ACH_SEQ=00000001, ACH_PBANK=0040037, ACH_PCLNO=0000000011111111, ACH_RBANK=0050000, ACH_RCLNO=0000000011300001, ACH_AMT=0000000100, ACH_SCHD=B, ACH_CID=27352858  , ACH_PID=Y100236715, ACH_CNO=ACHU001             , ACH_CFEE=00000, TXN_AMT=100, STATUS=9)
2023-08-31 16:28:35 INFO  [pool-1-thread-1] com.twnch.eachbatch.util.SelectData: 資料更新, PROCAMT = 400, PROCCOUNT = 4
2023-08-31 16:28:35 INFO  [pool-1-thread-1] com.twnch.eachbatch.util.SelectData: 交易完成, 狀態更新為9, 交易為: MyEntity2(ID=11, BIZDATE=01120807, PROCSEQ=6, BATCHSEQ=822-01120807006, ACH_TXDATE=01120809, ACH_TYPE=N, ACH_TXTYPE=SD, ACH_TXID=506, ACH_SEQ=00000002, ACH_PBANK=0040037, ACH_PCLNO=0000000011111111, ACH_RBANK=0050000, ACH_RCLNO=0000000011300002, ACH_AMT=0000000100, ACH_SCHD=B, ACH_CID=27352858  , ACH_PID=Y100237624, ACH_CNO=ACHU002             , ACH_CFEE=00000, TXN_AMT=100, STATUS=9)
2023-08-31 16:28:36 INFO  [pool-1-thread-1] com.twnch.eachbatch.dao.MyActivemq: 資料傳送至Queue, 資料為: [{"ID":12,"BIZDATE":"01120807","PROCSEQ":6,"BATCHSEQ":"822-01120807006","ACH_TXDATE":"01120809","ACH_TYPE":"N","ACH_TXTYPE":"SD","ACH_TXID":"506","ACH_SEQ":"00000003","ACH_PBANK":"0040037","ACH_PCLNO":"0000000011111111","ACH_RBANK":"0050000","ACH_RCLNO":"0000000011300003","ACH_AMT":"0000000100","ACH_SCHD":"B","ACH_CID":"27352858  ","ACH_PID":"B125784951","ACH_CNO":"ACHU003             ","ACH_CFEE":"00000","TXN_AMT":"100","STATUS":"1"},{"ID":3,"BIZDATE":"01120807","PROCSEQ":6,"BATCHSEQ":"822-01120807006","ACH_TXDATE":"01120809","ACH_TYPE":"N","ACH_TXTYPE":"SC","ACH_TXID":"358","ACH_SEQ":"00000004","ACH_PBANK":"0040037","ACH_PCLNO":"0000000011211111","ACH_RBANK":"0050000","ACH_RCLNO":"0000000011500001","ACH_AMT":"0000000100","ACH_SCHD":"B","ACH_CID":"03704502  ","ACH_PID":"A264885123","ACH_CNO":"ACHU004             ","ACH_CFEE":"00000","TXN_AMT":"100","STATUS":"1"}]
2023-08-31 16:28:36 INFO  [pool-1-thread-1] com.twnch.eachbatch.util.SelectData: 資料更新, PROCAMT = 300, PROCCOUNT = 3
2023-08-31 16:28:36 INFO  [pool-1-thread-1] com.twnch.eachbatch.util.SelectData: 交易完成, 狀態更新為9, 交易為: MyEntity2(ID=12, BIZDATE=01120807, PROCSEQ=6, BATCHSEQ=822-01120807006, ACH_TXDATE=01120809, ACH_TYPE=N, ACH_TXTYPE=SD, ACH_TXID=506, ACH_SEQ=00000003, ACH_PBANK=0040037, ACH_PCLNO=0000000011111111, ACH_RBANK=0050000, ACH_RCLNO=0000000011300003, ACH_AMT=0000000100, ACH_SCHD=B, ACH_CID=27352858  , ACH_PID=B125784951, ACH_CNO=ACHU003             , ACH_CFEE=00000, TXN_AMT=100, STATUS=9)
2023-08-31 16:28:36 INFO  [pool-1-thread-1] com.twnch.eachbatch.util.SelectData: 資料更新, PROCAMT = 200, PROCCOUNT = 2
2023-08-31 16:28:36 INFO  [pool-1-thread-1] com.twnch.eachbatch.util.SelectData: 交易完成, 狀態更新為9, 交易為: MyEntity2(ID=3, BIZDATE=01120807, PROCSEQ=6, BATCHSEQ=822-01120807006, ACH_TXDATE=01120809, ACH_TYPE=N, ACH_TXTYPE=SC, ACH_TXID=358, ACH_SEQ=00000004, ACH_PBANK=0040037, ACH_PCLNO=0000000011211111, ACH_RBANK=0050000, ACH_RCLNO=0000000011500001, ACH_AMT=0000000100, ACH_SCHD=B, ACH_CID=03704502  , ACH_PID=A264885123, ACH_CNO=ACHU004             , ACH_CFEE=00000, TXN_AMT=100, STATUS=9)
2023-08-31 16:28:37 INFO  [pool-1-thread-1] com.twnch.eachbatch.dao.MyActivemq: 資料傳送至Queue, 資料為: [{"ID":4,"BIZDATE":"01120807","PROCSEQ":6,"BATCHSEQ":"822-01120807006","ACH_TXDATE":"01120809","ACH_TYPE":"N","ACH_TXTYPE":"SC","ACH_TXID":"358","ACH_SEQ":"00000005","ACH_PBANK":"0040037","ACH_PCLNO":"0000000011211111","ACH_RBANK":"0050000","ACH_RCLNO":"0000000011500002","ACH_AMT":"0000000100","ACH_SCHD":"B","ACH_CID":"03704502  ","ACH_PID":"C123654874","ACH_CNO":"ACHU005             ","ACH_CFEE":"00000","TXN_AMT":"100","STATUS":"1"},{"ID":5,"BIZDATE":"01120807","PROCSEQ":6,"BATCHSEQ":"822-01120807006","ACH_TXDATE":"01120809","ACH_TYPE":"N","ACH_TXTYPE":"SC","ACH_TXID":"358","ACH_SEQ":"00000006","ACH_PBANK":"0040037","ACH_PCLNO":"0000000011211111","ACH_RBANK":"0050000","ACH_RCLNO":"0000000011500003","ACH_AMT":"0000000100","ACH_SCHD":"B","ACH_CID":"03704502  ","ACH_PID":"N132564854","ACH_CNO":"ACHU006             ","ACH_CFEE":"00000","TXN_AMT":"100","STATUS":"1"}]
2023-08-31 16:28:37 INFO  [org.springframework.jms.JmsListenerEndpointContainer#0-1] com.twnch.eachbatch.service.activemq.Consumer: Queue返回訊息: [{"ID":4,"BIZDATE":"01120807","PROCSEQ":6,"BATCHSEQ":"822-01120807006","ACH_TXDATE":"01120809","ACH_TYPE":"N","ACH_TXTYPE":"SC","ACH_TXID":"358","ACH_SEQ":"00000005","ACH_PBANK":"0040037","ACH_PCLNO":"0000000011211111","ACH_RBANK":"0050000","ACH_RCLNO":"0000000011500002","ACH_AMT":"0000000100","ACH_SCHD":"B","ACH_CID":"03704502  ","ACH_PID":"C123654874","ACH_CNO":"ACHU005             ","ACH_CFEE":"00000","TXN_AMT":"100","STATUS":"1"},{"ID":5,"BIZDATE":"01120807","PROCSEQ":6,"BATCHSEQ":"822-01120807006","ACH_TXDATE":"01120809","ACH_TYPE":"N","ACH_TXTYPE":"SC","ACH_TXID":"358","ACH_SEQ":"00000006","ACH_PBANK":"0040037","ACH_PCLNO":"0000000011211111","ACH_RBANK":"0050000","ACH_RCLNO":"0000000011500003","ACH_AMT":"0000000100","ACH_SCHD":"B","ACH_CID":"03704502  ","ACH_PID":"N132564854","ACH_CNO":"ACHU006             ","ACH_CFEE":"00000","TXN_AMT":"100","STATUS":"1"}]
2023-08-31 16:28:37 INFO  [pool-1-thread-1] com.twnch.eachbatch.util.SelectData: 資料更新, PROCAMT = 100, PROCCOUNT = 1
2023-08-31 16:28:37 INFO  [pool-1-thread-1] com.twnch.eachbatch.util.SelectData: 交易完成, 狀態更新為9, 交易為: MyEntity2(ID=4, BIZDATE=01120807, PROCSEQ=6, BATCHSEQ=822-01120807006, ACH_TXDATE=01120809, ACH_TYPE=N, ACH_TXTYPE=SC, ACH_TXID=358, ACH_SEQ=00000005, ACH_PBANK=0040037, ACH_PCLNO=0000000011211111, ACH_RBANK=0050000, ACH_RCLNO=0000000011500002, ACH_AMT=0000000100, ACH_SCHD=B, ACH_CID=03704502  , ACH_PID=C123654874, ACH_CNO=ACHU005             , ACH_CFEE=00000, TXN_AMT=100, STATUS=9)
2023-08-31 16:28:37 INFO  [pool-1-thread-1] com.twnch.eachbatch.util.SelectData: 資料更新, PROCAMT = 0, PROCCOUNT = 0
2023-08-31 16:28:37 INFO  [pool-1-thread-1] com.twnch.eachbatch.util.SelectData: 交易完成, 狀態更新為9, 交易為: MyEntity2(ID=5, BIZDATE=01120807, PROCSEQ=6, BATCHSEQ=822-01120807006, ACH_TXDATE=01120809, ACH_TYPE=N, ACH_TXTYPE=SC, ACH_TXID=358, ACH_SEQ=00000006, ACH_PBANK=0040037, ACH_PCLNO=0000000011211111, ACH_RBANK=0050000, ACH_RCLNO=0000000011500003, ACH_AMT=0000000100, ACH_SCHD=B, ACH_CID=03704502  , ACH_PID=N132564854, ACH_CNO=ACHU006             , ACH_CFEE=00000, TXN_AMT=100, STATUS=9)
2023-08-31 16:28:37 INFO  [pool-1-thread-1] com.twnch.eachbatch.dao.TaskIsComplete: 資料完成, 狀態更新為5, 資料為: MyEntity(ID=3, PROCSEQ=6, BIZDATE=01120807  , BATCHSEQ=822-01120807006, START_TS=2023-08-07 13:37:17.81, TOTALCOUNT=6, TOTALAMT=600, REJECTCOUNT=0, REJECTAMT=0, ACCEPTCOUNT=6, ACCEPTAMT=600, PROCCOUNT=0, PROCAMT=0, LASTMODIFYDT=2023-08-31 16:28:37.978, STATUS=5, PFILENAME=822-01120807006.P01, FILELAYOUT=01, SENDERBANK=0040000, CUT_IN_LINE=N                                                 )
2023-08-31 16:28:37 INFO  [pool-1-thread-1] com.twnch.eachbatch.dao.TaskIsComplete: 呼叫MyMoveFile檢查重複後移動檔案至result
2023-08-31 16:28:41 INFO  [scheduling-1] com.twnch.eachbatch.util.MyScanner: Automatic checking(Unprocessed files): 0
2023-08-31 16:28:51 INFO  [scheduling-1] com.twnch.eachbatch.util.MyScanner: Automatic checking(Unprocessed files): 0
2023-08-31 16:29:01 INFO  [scheduling-1] com.twnch.eachbatch.util.MyScanner: Automatic checking(Unprocessed files): 0
2023-08-31 16:29:11 INFO  [scheduling-1] com.twnch.eachbatch.util.MyScanner: Automatic checking(Unprocessed files): 0
2023-08-31 16:29:21 INFO  [scheduling-1] com.twnch.eachbatch.util.MyScanner: Automatic checking(Unprocessed files): 0
2023-08-31 16:30:17 INFO  [restartedMain] org.springframework.boot.StartupInfoLogger: Starting EachbatchApplication using Java 11.0.20 on yang.local with PID 40844 (/Users/leo/Downloads/2023_java/eachbatch/target/classes started by leo in /Users/leo/Downloads/2023_java/eachbatch)
2023-08-31 16:30:17 INFO  [restartedMain] org.springframework.boot.SpringApplication: No active profile set, falling back to 1 default profile: "default"
2023-08-31 16:30:17 INFO  [restartedMain] org.springframework.boot.logging.DeferredLog: The Class-Path manifest attribute in /Users/leo/.m2/repository/com/ibm/db2/jcc/11.5.8.0/jcc-11.5.8.0.jar referenced one or more files that do not exist: file:/Users/leo/.m2/repository/com/ibm/db2/jcc/11.5.8.0/pdq.jar
2023-08-31 16:30:17 INFO  [restartedMain] org.springframework.boot.logging.DeferredLog: Devtools property defaults active! Set 'spring.devtools.add-properties' to 'false' to disable
2023-08-31 16:30:17 INFO  [restartedMain] org.springframework.boot.logging.DeferredLog: For additional web related logging consider setting the 'logging.level.web' property to 'DEBUG'
2023-08-31 16:30:17 INFO  [restartedMain] org.springframework.data.repository.config.RepositoryConfigurationDelegate: Bootstrapping Spring Data JPA repositories in DEFAULT mode.
2023-08-31 16:30:17 INFO  [restartedMain] org.springframework.data.repository.config.RepositoryConfigurationDelegate: Finished Spring Data repository scanning in 18 ms. Found 2 JPA repository interfaces.
2023-08-31 16:30:17 INFO  [restartedMain] org.springframework.boot.web.embedded.tomcat.TomcatWebServer: Tomcat initialized with port(s): 8089 (http)
2023-08-31 16:30:17 INFO  [restartedMain] org.apache.juli.logging.DirectJDKLog: Starting service [Tomcat]
2023-08-31 16:30:17 INFO  [restartedMain] org.apache.juli.logging.DirectJDKLog: Starting Servlet engine: [Apache Tomcat/9.0.65]
2023-08-31 16:30:17 INFO  [restartedMain] org.apache.juli.logging.DirectJDKLog: Initializing Spring embedded WebApplicationContext
2023-08-31 16:30:17 INFO  [restartedMain] org.springframework.boot.web.servlet.context.ServletWebServerApplicationContext: Root WebApplicationContext: initialization completed in 642 ms
2023-08-31 16:30:18 INFO  [restartedMain] org.hibernate.jpa.internal.util.LogHelper: HHH000204: Processing PersistenceUnitInfo [name: default]
2023-08-31 16:30:18 INFO  [restartedMain] org.hibernate.Version: HHH000412: Hibernate ORM core version 5.6.10.Final
2023-08-31 16:30:18 INFO  [restartedMain] org.hibernate.annotations.common.reflection.java.JavaReflectionManager: HCANN000001: Hibernate Commons Annotations {5.1.2.Final}
2023-08-31 16:30:18 INFO  [restartedMain] com.zaxxer.hikari.HikariDataSource: HikariPool-1 - Starting...
2023-08-31 16:30:18 INFO  [restartedMain] com.zaxxer.hikari.HikariDataSource: HikariPool-1 - Start completed.
2023-08-31 16:30:18 INFO  [restartedMain] org.hibernate.dialect.Dialect: HHH000400: Using dialect: org.hibernate.dialect.DB2Dialect
2023-08-31 16:30:18 INFO  [restartedMain] org.hibernate.engine.transaction.jta.platform.internal.JtaPlatformInitiator: HHH000490: Using JtaPlatform implementation: [org.hibernate.engine.transaction.jta.platform.internal.NoJtaPlatform]
2023-08-31 16:30:18 INFO  [restartedMain] org.springframework.orm.jpa.AbstractEntityManagerFactoryBean: Initialized JPA EntityManagerFactory for persistence unit 'default'
2023-08-31 16:30:18 WARN  [restartedMain] org.springframework.boot.autoconfigure.orm.jpa.JpaBaseConfiguration$JpaWebConfiguration: spring.jpa.open-in-view is enabled by default. Therefore, database queries may be performed during view rendering. Explicitly configure spring.jpa.open-in-view to disable this warning
2023-08-31 16:30:19 INFO  [restartedMain] org.springframework.boot.devtools.autoconfigure.OptionalLiveReloadServer: LiveReload server is running on port 35729
2023-08-31 16:30:19 INFO  [restartedMain] org.springframework.boot.web.embedded.tomcat.TomcatWebServer: Tomcat started on port(s): 8089 (http) with context path ''
2023-08-31 16:30:19 INFO  [restartedMain] org.springframework.boot.StartupInfoLogger: Started EachbatchApplication in 2.217 seconds (JVM running for 2.65)
2023-08-31 16:30:19 INFO  [scheduling-1] com.twnch.eachbatch.util.MyScanner: Automatic checking(Unprocessed files): 3
2023-08-31 16:30:20 INFO  [pool-1-thread-1] com.twnch.eachbatch.dao.MyActivemq: 資料處理中, 狀態為4, 資料為: MyEntity(ID=2, PROCSEQ=5, BIZDATE=01120807  , BATCHSEQ=822-01120807005, START_TS=2023-08-07 13:37:17.727, TOTALCOUNT=6, TOTALAMT=600, REJECTCOUNT=0, REJECTAMT=0, ACCEPTCOUNT=6, ACCEPTAMT=600, PROCCOUNT=6, PROCAMT=600, LASTMODIFYDT=2023-08-07 13:37:17.727, STATUS=4, PFILENAME=822-01120807005.P01, FILELAYOUT=01, SENDERBANK=0040000, CUT_IN_LINE=Y                                                 )
2023-08-31 16:30:20 INFO  [pool-1-thread-1] com.twnch.eachbatch.dao.MyActivemq: 資料傳送至Queue, 資料為: [{"ID":7,"BIZDATE":"01120807","PROCSEQ":5,"BATCHSEQ":"822-01120807005","ACH_TXDATE":"01120809","ACH_TYPE":"N","ACH_TXTYPE":"SD","ACH_TXID":"506","ACH_SEQ":"00000007","ACH_PBANK":"0040037","ACH_PCLNO":"0000000011111111","ACH_RBANK":"0050000","ACH_RCLNO":"0000000011300003","ACH_AMT":"0000000100","ACH_SCHD":"B","ACH_CID":"27352858  ","ACH_PID":"B125784951","ACH_CNO":"ACHU003             ","ACH_CFEE":"00000","TXN_AMT":"100","STATUS":"1"},{"ID":8,"BIZDATE":"01120807","PROCSEQ":5,"BATCHSEQ":"822-01120807005","ACH_TXDATE":"01120809","ACH_TYPE":"N","ACH_TXTYPE":"SD","ACH_TXID":"506","ACH_SEQ":"00000008","ACH_PBANK":"0040037","ACH_PCLNO":"0000000011111111","ACH_RBANK":"0050000","ACH_RCLNO":"0000000011300003","ACH_AMT":"0000000100","ACH_SCHD":"B","ACH_CID":"27352858  ","ACH_PID":"B125784951","ACH_CNO":"ACHU003             ","ACH_CFEE":"00000","TXN_AMT":"100","STATUS":"1"}]
2023-08-31 16:30:20 INFO  [pool-1-thread-1] com.twnch.eachbatch.util.SelectData: 資料更新, PROCAMT = 500, PROCCOUNT = 5
2023-08-31 16:30:20 INFO  [pool-1-thread-1] com.twnch.eachbatch.util.SelectData: 交易完成, 狀態更新為9, 交易為: MyEntity2(ID=7, BIZDATE=01120807, PROCSEQ=5, BATCHSEQ=822-01120807005, ACH_TXDATE=01120809, ACH_TYPE=N, ACH_TXTYPE=SD, ACH_TXID=506, ACH_SEQ=00000007, ACH_PBANK=0040037, ACH_PCLNO=0000000011111111, ACH_RBANK=0050000, ACH_RCLNO=0000000011300003, ACH_AMT=0000000100, ACH_SCHD=B, ACH_CID=27352858  , ACH_PID=B125784951, ACH_CNO=ACHU003             , ACH_CFEE=00000, TXN_AMT=100, STATUS=9)
2023-08-31 16:30:20 INFO  [pool-1-thread-1] com.twnch.eachbatch.util.SelectData: 資料更新, PROCAMT = 400, PROCCOUNT = 4
2023-08-31 16:30:20 INFO  [pool-1-thread-1] com.twnch.eachbatch.util.SelectData: 交易完成, 狀態更新為9, 交易為: MyEntity2(ID=8, BIZDATE=01120807, PROCSEQ=5, BATCHSEQ=822-01120807005, ACH_TXDATE=01120809, ACH_TYPE=N, ACH_TXTYPE=SD, ACH_TXID=506, ACH_SEQ=00000008, ACH_PBANK=0040037, ACH_PCLNO=0000000011111111, ACH_RBANK=0050000, ACH_RCLNO=0000000011300003, ACH_AMT=0000000100, ACH_SCHD=B, ACH_CID=27352858  , ACH_PID=B125784951, ACH_CNO=ACHU003             , ACH_CFEE=00000, TXN_AMT=100, STATUS=9)
2023-08-31 16:30:21 INFO  [pool-1-thread-1] com.twnch.eachbatch.dao.MyActivemq: 資料傳送至Queue, 資料為: [{"ID":9,"BIZDATE":"01120807","PROCSEQ":5,"BATCHSEQ":"822-01120807005","ACH_TXDATE":"01120809","ACH_TYPE":"N","ACH_TXTYPE":"SD","ACH_TXID":"506","ACH_SEQ":"00000009","ACH_PBANK":"0040037","ACH_PCLNO":"0000000011111111","ACH_RBANK":"0050000","ACH_RCLNO":"0000000011300003","ACH_AMT":"0000000100","ACH_SCHD":"B","ACH_CID":"27352858  ","ACH_PID":"B125784951","ACH_CNO":"ACHU003             ","ACH_CFEE":"00000","TXN_AMT":"100","STATUS":"1"},{"ID":10,"BIZDATE":"01120807","PROCSEQ":5,"BATCHSEQ":"822-01120807005","ACH_TXDATE":"01120809","ACH_TYPE":"N","ACH_TXTYPE":"SD","ACH_TXID":"506","ACH_SEQ":"00000010","ACH_PBANK":"0040037","ACH_PCLNO":"0000000011111111","ACH_RBANK":"0050000","ACH_RCLNO":"0000000011300003","ACH_AMT":"0000000100","ACH_SCHD":"B","ACH_CID":"27352858  ","ACH_PID":"B125784951","ACH_CNO":"ACHU003             ","ACH_CFEE":"00000","TXN_AMT":"100","STATUS":"1"}]
2023-08-31 16:30:21 INFO  [org.springframework.jms.JmsListenerEndpointContainer#0-1] com.twnch.eachbatch.service.activemq.Consumer: Queue返回訊息: [{"ID":9,"BIZDATE":"01120807","PROCSEQ":5,"BATCHSEQ":"822-01120807005","ACH_TXDATE":"01120809","ACH_TYPE":"N","ACH_TXTYPE":"SD","ACH_TXID":"506","ACH_SEQ":"00000009","ACH_PBANK":"0040037","ACH_PCLNO":"0000000011111111","ACH_RBANK":"0050000","ACH_RCLNO":"0000000011300003","ACH_AMT":"0000000100","ACH_SCHD":"B","ACH_CID":"27352858  ","ACH_PID":"B125784951","ACH_CNO":"ACHU003             ","ACH_CFEE":"00000","TXN_AMT":"100","STATUS":"1"},{"ID":10,"BIZDATE":"01120807","PROCSEQ":5,"BATCHSEQ":"822-01120807005","ACH_TXDATE":"01120809","ACH_TYPE":"N","ACH_TXTYPE":"SD","ACH_TXID":"506","ACH_SEQ":"00000010","ACH_PBANK":"0040037","ACH_PCLNO":"0000000011111111","ACH_RBANK":"0050000","ACH_RCLNO":"0000000011300003","ACH_AMT":"0000000100","ACH_SCHD":"B","ACH_CID":"27352858  ","ACH_PID":"B125784951","ACH_CNO":"ACHU003             ","ACH_CFEE":"00000","TXN_AMT":"100","STATUS":"1"}]
2023-08-31 16:30:21 INFO  [pool-1-thread-1] com.twnch.eachbatch.util.SelectData: 資料更新, PROCAMT = 300, PROCCOUNT = 3
2023-08-31 16:30:21 INFO  [pool-1-thread-1] com.twnch.eachbatch.util.SelectData: 交易完成, 狀態更新為9, 交易為: MyEntity2(ID=9, BIZDATE=01120807, PROCSEQ=5, BATCHSEQ=822-01120807005, ACH_TXDATE=01120809, ACH_TYPE=N, ACH_TXTYPE=SD, ACH_TXID=506, ACH_SEQ=00000009, ACH_PBANK=0040037, ACH_PCLNO=0000000011111111, ACH_RBANK=0050000, ACH_RCLNO=0000000011300003, ACH_AMT=0000000100, ACH_SCHD=B, ACH_CID=27352858  , ACH_PID=B125784951, ACH_CNO=ACHU003             , ACH_CFEE=00000, TXN_AMT=100, STATUS=9)
2023-08-31 16:30:21 INFO  [pool-1-thread-1] com.twnch.eachbatch.util.SelectData: 資料更新, PROCAMT = 200, PROCCOUNT = 2
2023-08-31 16:30:21 INFO  [pool-1-thread-1] com.twnch.eachbatch.util.SelectData: 交易完成, 狀態更新為9, 交易為: MyEntity2(ID=10, BIZDATE=01120807, PROCSEQ=5, BATCHSEQ=822-01120807005, ACH_TXDATE=01120809, ACH_TYPE=N, ACH_TXTYPE=SD, ACH_TXID=506, ACH_SEQ=00000010, ACH_PBANK=0040037, ACH_PCLNO=0000000011111111, ACH_RBANK=0050000, ACH_RCLNO=0000000011300003, ACH_AMT=0000000100, ACH_SCHD=B, ACH_CID=27352858  , ACH_PID=B125784951, ACH_CNO=ACHU003             , ACH_CFEE=00000, TXN_AMT=100, STATUS=9)
2023-08-31 16:30:21 INFO  [pool-1-thread-1] com.twnch.eachbatch.dao.TaskIsComplete: 資料完成, 狀態更新為5, 資料為: MyEntity(ID=2, PROCSEQ=5, BIZDATE=01120807  , BATCHSEQ=822-01120807005, START_TS=2023-08-07 13:37:17.727, TOTALCOUNT=6, TOTALAMT=600, REJECTCOUNT=0, REJECTAMT=0, ACCEPTCOUNT=6, ACCEPTAMT=600, PROCCOUNT=2, PROCAMT=200, LASTMODIFYDT=2023-08-31 16:30:21.318, STATUS=5, PFILENAME=822-01120807005.P01, FILELAYOUT=01, SENDERBANK=0040000, CUT_IN_LINE=Y                                                 )
2023-08-31 16:30:21 INFO  [pool-1-thread-1] com.twnch.eachbatch.dao.TaskIsComplete: 呼叫MyMoveFile檢查重複後移動檔案至result
2023-08-31 16:30:22 INFO  [pool-1-thread-1] com.twnch.eachbatch.dao.MyActivemq: 資料處理中, 狀態為4, 資料為: MyEntity(ID=1, PROCSEQ=4, BIZDATE=01120807  , BATCHSEQ=822-01120807004, START_TS=2023-08-07 13:37:17.631, TOTALCOUNT=6, TOTALAMT=600, REJECTCOUNT=0, REJECTAMT=0, ACCEPTCOUNT=6, ACCEPTAMT=600, PROCCOUNT=6, PROCAMT=600, LASTMODIFYDT=2023-08-07 13:37:17.631, STATUS=4, PFILENAME=822-01120807004.P01, FILELAYOUT=01, SENDERBANK=0040000, CUT_IN_LINE=N                                                 )
2023-08-31 16:30:22 INFO  [pool-1-thread-1] com.twnch.eachbatch.dao.MyActivemq: 資料傳送至Queue, 資料為: [{"ID":1,"BIZDATE":"01120807","PROCSEQ":4,"BATCHSEQ":"822-01120807004","ACH_TXDATE":"01120808","ACH_TYPE":"N","ACH_TXTYPE":"SD","ACH_TXID":"506","ACH_SEQ":"00000049","ACH_PBANK":"0040037","ACH_PCLNO":"0000000011111111","ACH_RBANK":"0050000","ACH_RCLNO":"0000000011300003","ACH_AMT":"0000000100","ACH_SCHD":"B","ACH_CID":"27352858  ","ACH_PID":"B125784951","ACH_CNO":"ACHU003             ","ACH_CFEE":"00000","TXN_AMT":"100","STATUS":"1"},{"ID":2,"BIZDATE":"01120807","PROCSEQ":4,"BATCHSEQ":"822-01120807004","ACH_TXDATE":"01120808","ACH_TYPE":"N","ACH_TXTYPE":"SD","ACH_TXID":"506","ACH_SEQ":"00000050","ACH_PBANK":"0040037","ACH_PCLNO":"0000000011111111","ACH_RBANK":"0050000","ACH_RCLNO":"0000000011300003","ACH_AMT":"0000000100","ACH_SCHD":"B","ACH_CID":"27352858  ","ACH_PID":"B125784951","ACH_CNO":"ACHU003             ","ACH_CFEE":"00000","TXN_AMT":"100","STATUS":"1"}]
2023-08-31 16:30:22 INFO  [pool-1-thread-1] com.twnch.eachbatch.util.SelectData: 資料更新, PROCAMT = 500, PROCCOUNT = 5
2023-08-31 16:30:22 INFO  [pool-1-thread-1] com.twnch.eachbatch.util.SelectData: 交易完成, 狀態更新為9, 交易為: MyEntity2(ID=1, BIZDATE=01120807, PROCSEQ=4, BATCHSEQ=822-01120807004, ACH_TXDATE=01120808, ACH_TYPE=N, ACH_TXTYPE=SD, ACH_TXID=506, ACH_SEQ=00000049, ACH_PBANK=0040037, ACH_PCLNO=0000000011111111, ACH_RBANK=0050000, ACH_RCLNO=0000000011300003, ACH_AMT=0000000100, ACH_SCHD=B, ACH_CID=27352858  , ACH_PID=B125784951, ACH_CNO=ACHU003             , ACH_CFEE=00000, TXN_AMT=100, STATUS=9)
2023-08-31 16:30:22 INFO  [pool-1-thread-1] com.twnch.eachbatch.util.SelectData: 資料更新, PROCAMT = 400, PROCCOUNT = 4
2023-08-31 16:30:22 INFO  [pool-1-thread-1] com.twnch.eachbatch.util.SelectData: 交易完成, 狀態更新為9, 交易為: MyEntity2(ID=2, BIZDATE=01120807, PROCSEQ=4, BATCHSEQ=822-01120807004, ACH_TXDATE=01120808, ACH_TYPE=N, ACH_TXTYPE=SD, ACH_TXID=506, ACH_SEQ=00000050, ACH_PBANK=0040037, ACH_PCLNO=0000000011111111, ACH_RBANK=0050000, ACH_RCLNO=0000000011300003, ACH_AMT=0000000100, ACH_SCHD=B, ACH_CID=27352858  , ACH_PID=B125784951, ACH_CNO=ACHU003             , ACH_CFEE=00000, TXN_AMT=100, STATUS=9)
2023-08-31 16:30:22 INFO  [pool-1-thread-1] com.twnch.eachbatch.dao.TaskIsComplete: 資料完成, 狀態更新為5, 資料為: MyEntity(ID=1, PROCSEQ=4, BIZDATE=01120807  , BATCHSEQ=822-01120807004, START_TS=2023-08-07 13:37:17.631, TOTALCOUNT=6, TOTALAMT=600, REJECTCOUNT=0, REJECTAMT=0, ACCEPTCOUNT=6, ACCEPTAMT=600, PROCCOUNT=4, PROCAMT=400, LASTMODIFYDT=2023-08-31 16:30:22.405, STATUS=5, PFILENAME=822-01120807004.P01, FILELAYOUT=01, SENDERBANK=0040000, CUT_IN_LINE=N                                                 )
2023-08-31 16:30:22 INFO  [pool-1-thread-1] com.twnch.eachbatch.dao.TaskIsComplete: 呼叫MyMoveFile檢查重複後移動檔案至result
2023-08-31 16:30:23 INFO  [pool-1-thread-1] com.twnch.eachbatch.dao.MyActivemq: 資料處理中, 狀態為4, 資料為: MyEntity(ID=3, PROCSEQ=6, BIZDATE=01120807  , BATCHSEQ=822-01120807006, START_TS=2023-08-07 13:37:17.81, TOTALCOUNT=6, TOTALAMT=600, REJECTCOUNT=0, REJECTAMT=0, ACCEPTCOUNT=6, ACCEPTAMT=600, PROCCOUNT=6, PROCAMT=600, LASTMODIFYDT=2023-08-07 13:37:17.81, STATUS=4, PFILENAME=822-01120807006.P01, FILELAYOUT=01, SENDERBANK=0040000, CUT_IN_LINE=N                                                 )
2023-08-31 16:30:23 INFO  [pool-1-thread-1] com.twnch.eachbatch.dao.MyActivemq: 資料傳送至Queue, 資料為: [{"ID":6,"BIZDATE":"01120807","PROCSEQ":6,"BATCHSEQ":"822-01120807006","ACH_TXDATE":"01120809","ACH_TYPE":"N","ACH_TXTYPE":"SD","ACH_TXID":"506","ACH_SEQ":"00000001","ACH_PBANK":"0040037","ACH_PCLNO":"0000000011111111","ACH_RBANK":"0050000","ACH_RCLNO":"0000000011300001","ACH_AMT":"0000000100","ACH_SCHD":"B","ACH_CID":"27352858  ","ACH_PID":"Y100236715","ACH_CNO":"ACHU001             ","ACH_CFEE":"00000","TXN_AMT":"100","STATUS":"1"},{"ID":11,"BIZDATE":"01120807","PROCSEQ":6,"BATCHSEQ":"822-01120807006","ACH_TXDATE":"01120809","ACH_TYPE":"N","ACH_TXTYPE":"SD","ACH_TXID":"506","ACH_SEQ":"00000002","ACH_PBANK":"0040037","ACH_PCLNO":"0000000011111111","ACH_RBANK":"0050000","ACH_RCLNO":"0000000011300002","ACH_AMT":"0000000100","ACH_SCHD":"B","ACH_CID":"27352858  ","ACH_PID":"Y100237624","ACH_CNO":"ACHU002             ","ACH_CFEE":"00000","TXN_AMT":"100","STATUS":"1"}]
2023-08-31 16:30:23 INFO  [org.springframework.jms.JmsListenerEndpointContainer#0-1] com.twnch.eachbatch.service.activemq.Consumer: Queue返回訊息: [{"ID":6,"BIZDATE":"01120807","PROCSEQ":6,"BATCHSEQ":"822-01120807006","ACH_TXDATE":"01120809","ACH_TYPE":"N","ACH_TXTYPE":"SD","ACH_TXID":"506","ACH_SEQ":"00000001","ACH_PBANK":"0040037","ACH_PCLNO":"0000000011111111","ACH_RBANK":"0050000","ACH_RCLNO":"0000000011300001","ACH_AMT":"0000000100","ACH_SCHD":"B","ACH_CID":"27352858  ","ACH_PID":"Y100236715","ACH_CNO":"ACHU001             ","ACH_CFEE":"00000","TXN_AMT":"100","STATUS":"1"},{"ID":11,"BIZDATE":"01120807","PROCSEQ":6,"BATCHSEQ":"822-01120807006","ACH_TXDATE":"01120809","ACH_TYPE":"N","ACH_TXTYPE":"SD","ACH_TXID":"506","ACH_SEQ":"00000002","ACH_PBANK":"0040037","ACH_PCLNO":"0000000011111111","ACH_RBANK":"0050000","ACH_RCLNO":"0000000011300002","ACH_AMT":"0000000100","ACH_SCHD":"B","ACH_CID":"27352858  ","ACH_PID":"Y100237624","ACH_CNO":"ACHU002             ","ACH_CFEE":"00000","TXN_AMT":"100","STATUS":"1"}]
2023-08-31 16:30:23 INFO  [pool-1-thread-1] com.twnch.eachbatch.util.SelectData: 資料更新, PROCAMT = 500, PROCCOUNT = 5
2023-08-31 16:30:23 INFO  [pool-1-thread-1] com.twnch.eachbatch.util.SelectData: 交易完成, 狀態更新為9, 交易為: MyEntity2(ID=6, BIZDATE=01120807, PROCSEQ=6, BATCHSEQ=822-01120807006, ACH_TXDATE=01120809, ACH_TYPE=N, ACH_TXTYPE=SD, ACH_TXID=506, ACH_SEQ=00000001, ACH_PBANK=0040037, ACH_PCLNO=0000000011111111, ACH_RBANK=0050000, ACH_RCLNO=0000000011300001, ACH_AMT=0000000100, ACH_SCHD=B, ACH_CID=27352858  , ACH_PID=Y100236715, ACH_CNO=ACHU001             , ACH_CFEE=00000, TXN_AMT=100, STATUS=9)
2023-08-31 16:30:23 INFO  [pool-1-thread-1] com.twnch.eachbatch.util.SelectData: 資料更新, PROCAMT = 400, PROCCOUNT = 4
2023-08-31 16:30:23 INFO  [pool-1-thread-1] com.twnch.eachbatch.util.SelectData: 交易完成, 狀態更新為9, 交易為: MyEntity2(ID=11, BIZDATE=01120807, PROCSEQ=6, BATCHSEQ=822-01120807006, ACH_TXDATE=01120809, ACH_TYPE=N, ACH_TXTYPE=SD, ACH_TXID=506, ACH_SEQ=00000002, ACH_PBANK=0040037, ACH_PCLNO=0000000011111111, ACH_RBANK=0050000, ACH_RCLNO=0000000011300002, ACH_AMT=0000000100, ACH_SCHD=B, ACH_CID=27352858  , ACH_PID=Y100237624, ACH_CNO=ACHU002             , ACH_CFEE=00000, TXN_AMT=100, STATUS=9)
2023-08-31 16:30:24 INFO  [pool-1-thread-1] com.twnch.eachbatch.dao.MyActivemq: 資料傳送至Queue, 資料為: [{"ID":12,"BIZDATE":"01120807","PROCSEQ":6,"BATCHSEQ":"822-01120807006","ACH_TXDATE":"01120809","ACH_TYPE":"N","ACH_TXTYPE":"SD","ACH_TXID":"506","ACH_SEQ":"00000003","ACH_PBANK":"0040037","ACH_PCLNO":"0000000011111111","ACH_RBANK":"0050000","ACH_RCLNO":"0000000011300003","ACH_AMT":"0000000100","ACH_SCHD":"B","ACH_CID":"27352858  ","ACH_PID":"B125784951","ACH_CNO":"ACHU003             ","ACH_CFEE":"00000","TXN_AMT":"100","STATUS":"1"},{"ID":3,"BIZDATE":"01120807","PROCSEQ":6,"BATCHSEQ":"822-01120807006","ACH_TXDATE":"01120809","ACH_TYPE":"N","ACH_TXTYPE":"SC","ACH_TXID":"358","ACH_SEQ":"00000004","ACH_PBANK":"0040037","ACH_PCLNO":"0000000011211111","ACH_RBANK":"0050000","ACH_RCLNO":"0000000011500001","ACH_AMT":"0000000100","ACH_SCHD":"B","ACH_CID":"03704502  ","ACH_PID":"A264885123","ACH_CNO":"ACHU004             ","ACH_CFEE":"00000","TXN_AMT":"100","STATUS":"1"}]
2023-08-31 16:30:24 INFO  [pool-1-thread-1] com.twnch.eachbatch.util.SelectData: 資料更新, PROCAMT = 300, PROCCOUNT = 3
2023-08-31 16:30:24 INFO  [pool-1-thread-1] com.twnch.eachbatch.util.SelectData: 交易完成, 狀態更新為9, 交易為: MyEntity2(ID=12, BIZDATE=01120807, PROCSEQ=6, BATCHSEQ=822-01120807006, ACH_TXDATE=01120809, ACH_TYPE=N, ACH_TXTYPE=SD, ACH_TXID=506, ACH_SEQ=00000003, ACH_PBANK=0040037, ACH_PCLNO=0000000011111111, ACH_RBANK=0050000, ACH_RCLNO=0000000011300003, ACH_AMT=0000000100, ACH_SCHD=B, ACH_CID=27352858  , ACH_PID=B125784951, ACH_CNO=ACHU003             , ACH_CFEE=00000, TXN_AMT=100, STATUS=9)
2023-08-31 16:30:24 INFO  [pool-1-thread-1] com.twnch.eachbatch.util.SelectData: 資料更新, PROCAMT = 200, PROCCOUNT = 2
2023-08-31 16:30:24 INFO  [pool-1-thread-1] com.twnch.eachbatch.util.SelectData: 交易完成, 狀態更新為9, 交易為: MyEntity2(ID=3, BIZDATE=01120807, PROCSEQ=6, BATCHSEQ=822-01120807006, ACH_TXDATE=01120809, ACH_TYPE=N, ACH_TXTYPE=SC, ACH_TXID=358, ACH_SEQ=00000004, ACH_PBANK=0040037, ACH_PCLNO=0000000011211111, ACH_RBANK=0050000, ACH_RCLNO=0000000011500001, ACH_AMT=0000000100, ACH_SCHD=B, ACH_CID=03704502  , ACH_PID=A264885123, ACH_CNO=ACHU004             , ACH_CFEE=00000, TXN_AMT=100, STATUS=9)
2023-08-31 16:30:25 INFO  [pool-1-thread-1] com.twnch.eachbatch.dao.MyActivemq: 資料傳送至Queue, 資料為: [{"ID":4,"BIZDATE":"01120807","PROCSEQ":6,"BATCHSEQ":"822-01120807006","ACH_TXDATE":"01120809","ACH_TYPE":"N","ACH_TXTYPE":"SC","ACH_TXID":"358","ACH_SEQ":"00000005","ACH_PBANK":"0040037","ACH_PCLNO":"0000000011211111","ACH_RBANK":"0050000","ACH_RCLNO":"0000000011500002","ACH_AMT":"0000000100","ACH_SCHD":"B","ACH_CID":"03704502  ","ACH_PID":"C123654874","ACH_CNO":"ACHU005             ","ACH_CFEE":"00000","TXN_AMT":"100","STATUS":"1"},{"ID":5,"BIZDATE":"01120807","PROCSEQ":6,"BATCHSEQ":"822-01120807006","ACH_TXDATE":"01120809","ACH_TYPE":"N","ACH_TXTYPE":"SC","ACH_TXID":"358","ACH_SEQ":"00000006","ACH_PBANK":"0040037","ACH_PCLNO":"0000000011211111","ACH_RBANK":"0050000","ACH_RCLNO":"0000000011500003","ACH_AMT":"0000000100","ACH_SCHD":"B","ACH_CID":"03704502  ","ACH_PID":"N132564854","ACH_CNO":"ACHU006             ","ACH_CFEE":"00000","TXN_AMT":"100","STATUS":"1"}]
2023-08-31 16:30:25 INFO  [org.springframework.jms.JmsListenerEndpointContainer#0-1] com.twnch.eachbatch.service.activemq.Consumer: Queue返回訊息: [{"ID":4,"BIZDATE":"01120807","PROCSEQ":6,"BATCHSEQ":"822-01120807006","ACH_TXDATE":"01120809","ACH_TYPE":"N","ACH_TXTYPE":"SC","ACH_TXID":"358","ACH_SEQ":"00000005","ACH_PBANK":"0040037","ACH_PCLNO":"0000000011211111","ACH_RBANK":"0050000","ACH_RCLNO":"0000000011500002","ACH_AMT":"0000000100","ACH_SCHD":"B","ACH_CID":"03704502  ","ACH_PID":"C123654874","ACH_CNO":"ACHU005             ","ACH_CFEE":"00000","TXN_AMT":"100","STATUS":"1"},{"ID":5,"BIZDATE":"01120807","PROCSEQ":6,"BATCHSEQ":"822-01120807006","ACH_TXDATE":"01120809","ACH_TYPE":"N","ACH_TXTYPE":"SC","ACH_TXID":"358","ACH_SEQ":"00000006","ACH_PBANK":"0040037","ACH_PCLNO":"0000000011211111","ACH_RBANK":"0050000","ACH_RCLNO":"0000000011500003","ACH_AMT":"0000000100","ACH_SCHD":"B","ACH_CID":"03704502  ","ACH_PID":"N132564854","ACH_CNO":"ACHU006             ","ACH_CFEE":"00000","TXN_AMT":"100","STATUS":"1"}]
2023-08-31 16:30:25 INFO  [pool-1-thread-1] com.twnch.eachbatch.util.SelectData: 資料更新, PROCAMT = 100, PROCCOUNT = 1
2023-08-31 16:30:25 INFO  [pool-1-thread-1] com.twnch.eachbatch.util.SelectData: 交易完成, 狀態更新為9, 交易為: MyEntity2(ID=4, BIZDATE=01120807, PROCSEQ=6, BATCHSEQ=822-01120807006, ACH_TXDATE=01120809, ACH_TYPE=N, ACH_TXTYPE=SC, ACH_TXID=358, ACH_SEQ=00000005, ACH_PBANK=0040037, ACH_PCLNO=0000000011211111, ACH_RBANK=0050000, ACH_RCLNO=0000000011500002, ACH_AMT=0000000100, ACH_SCHD=B, ACH_CID=03704502  , ACH_PID=C123654874, ACH_CNO=ACHU005             , ACH_CFEE=00000, TXN_AMT=100, STATUS=9)
2023-08-31 16:30:25 INFO  [pool-1-thread-1] com.twnch.eachbatch.util.SelectData: 資料更新, PROCAMT = 0, PROCCOUNT = 0
2023-08-31 16:30:25 INFO  [pool-1-thread-1] com.twnch.eachbatch.util.SelectData: 交易完成, 狀態更新為9, 交易為: MyEntity2(ID=5, BIZDATE=01120807, PROCSEQ=6, BATCHSEQ=822-01120807006, ACH_TXDATE=01120809, ACH_TYPE=N, ACH_TXTYPE=SC, ACH_TXID=358, ACH_SEQ=00000006, ACH_PBANK=0040037, ACH_PCLNO=0000000011211111, ACH_RBANK=0050000, ACH_RCLNO=0000000011500003, ACH_AMT=0000000100, ACH_SCHD=B, ACH_CID=03704502  , ACH_PID=N132564854, ACH_CNO=ACHU006             , ACH_CFEE=00000, TXN_AMT=100, STATUS=9)
2023-08-31 16:30:25 INFO  [pool-1-thread-1] com.twnch.eachbatch.dao.TaskIsComplete: 資料完成, 狀態更新為5, 資料為: MyEntity(ID=3, PROCSEQ=6, BIZDATE=01120807  , BATCHSEQ=822-01120807006, START_TS=2023-08-07 13:37:17.81, TOTALCOUNT=6, TOTALAMT=600, REJECTCOUNT=0, REJECTAMT=0, ACCEPTCOUNT=6, ACCEPTAMT=600, PROCCOUNT=0, PROCAMT=0, LASTMODIFYDT=2023-08-31 16:30:25.276, STATUS=5, PFILENAME=822-01120807006.P01, FILELAYOUT=01, SENDERBANK=0040000, CUT_IN_LINE=N                                                 )
2023-08-31 16:30:25 INFO  [pool-1-thread-1] com.twnch.eachbatch.dao.TaskIsComplete: 呼叫MyMoveFile檢查重複後移動檔案至result
2023-08-31 16:30:29 INFO  [scheduling-1] com.twnch.eachbatch.util.MyScanner: Automatic checking(Unprocessed files): 0
2023-08-31 16:30:39 INFO  [scheduling-1] com.twnch.eachbatch.util.MyScanner: Automatic checking(Unprocessed files): 0
2023-08-31 16:30:49 INFO  [scheduling-1] com.twnch.eachbatch.util.MyScanner: Automatic checking(Unprocessed files): 0
